0 info it worked if it ends with ok
1 verbose cli [ 'node', '/usr/local/bin/npm', 'install', 'handleErrors' ]
2 info using npm@1.4.28
3 info using node@v0.10.33
4 verbose node symlink /usr/local/bin/node
5 warn package.json example@1.0.0 No repository field.
6 warn package.json example@1.0.0 No README data
7 verbose readDependencies using package.json deps
8 verbose cache add [ 'handleErrors', null ]
9 verbose cache add name=undefined spec="handleErrors" args=["handleErrors",null]
10 verbose parsed url { protocol: null,
10 verbose parsed url   slashes: null,
10 verbose parsed url   auth: null,
10 verbose parsed url   host: null,
10 verbose parsed url   port: null,
10 verbose parsed url   hostname: null,
10 verbose parsed url   hash: null,
10 verbose parsed url   search: null,
10 verbose parsed url   query: null,
10 verbose parsed url   pathname: 'handleErrors',
10 verbose parsed url   path: 'handleErrors',
10 verbose parsed url   href: 'handleErrors' }
11 silly lockFile 7a8bde93-handleErrors handleErrors
12 verbose lock handleErrors /Users/i311181/.npm/7a8bde93-handleErrors.lock
13 silly lockFile 7a8bde93-handleErrors handleErrors
14 silly lockFile 7a8bde93-handleErrors handleErrors
15 verbose addNamed [ 'handleErrors', '' ]
16 verbose addNamed [ null, '*' ]
17 silly lockFile d491440b-handleErrors handleErrors@
18 verbose lock handleErrors@ /Users/i311181/.npm/d491440b-handleErrors.lock
19 silly addNameRange { name: 'handleErrors', range: '*', hasData: false }
20 verbose request where is /handleErrors
21 verbose request registry https://registry.npmjs.org/
22 verbose request id d9ca4341c25b0fd7
23 verbose url raw /handleErrors
24 verbose url resolving [ 'https://registry.npmjs.org/', './handleErrors' ]
25 verbose url resolved https://registry.npmjs.org/handleErrors
26 verbose request where is https://registry.npmjs.org/handleErrors
27 info trying registry request attempt 1 at 11:47:06
28 http GET https://registry.npmjs.org/handleErrors
29 http 404 https://registry.npmjs.org/handleErrors
30 verbose headers { date: 'Wed, 24 Dec 2014 11:47:06 GMT',
30 verbose headers   server: 'CouchDB/1.5.0 (Erlang OTP/R16B03)',
30 verbose headers   'content-type': 'application/json',
30 verbose headers   'cache-control': 'max-age=0',
30 verbose headers   'content-length': '52',
30 verbose headers   'accept-ranges': 'bytes',
30 verbose headers   via: '1.1 varnish',
30 verbose headers   'x-served-by': 'cache-lcy1128-LCY',
30 verbose headers   'x-cache': 'MISS',
30 verbose headers   'x-cache-hits': '0',
30 verbose headers   'x-timer': 'S1419421626.083926,VS0,VE631',
30 verbose headers   'keep-alive': 'timeout=10, max=50',
30 verbose headers   connection: 'Keep-Alive' }
31 silly registry.get cb [ 404,
31 silly registry.get   { date: 'Wed, 24 Dec 2014 11:47:06 GMT',
31 silly registry.get     server: 'CouchDB/1.5.0 (Erlang OTP/R16B03)',
31 silly registry.get     'content-type': 'application/json',
31 silly registry.get     'cache-control': 'max-age=0',
31 silly registry.get     'content-length': '52',
31 silly registry.get     'accept-ranges': 'bytes',
31 silly registry.get     via: '1.1 varnish',
31 silly registry.get     'x-served-by': 'cache-lcy1128-LCY',
31 silly registry.get     'x-cache': 'MISS',
31 silly registry.get     'x-cache-hits': '0',
31 silly registry.get     'x-timer': 'S1419421626.083926,VS0,VE631',
31 silly registry.get     'keep-alive': 'timeout=10, max=50',
31 silly registry.get     connection: 'Keep-Alive' } ]
32 silly lockFile d491440b-handleErrors handleErrors@
33 silly lockFile d491440b-handleErrors handleErrors@
34 error 404 404 Not Found: handleErrors
34 error 404
34 error 404 'handleErrors' is not in the npm registry.
34 error 404 You should bug the author to publish it
34 error 404 It was specified as a dependency of 'example'
34 error 404
34 error 404 Note that you can also install from a
34 error 404 tarball, folder, or http url, or git url.
35 error System Darwin 14.0.0
36 error command "node" "/usr/local/bin/npm" "install" "handleErrors"
37 error cwd /Users/i311181/Repo/mine/flash
38 error node -v v0.10.33
39 error npm -v 1.4.28
40 error code E404
41 verbose exit [ 1, true ]
